0 info it worked if it ends with ok
1 verbose cli [ 'c:\\PROGRAM FILES\\NODEJS\\node.exe',
1 verbose cli   'c:\\PROGRAM FILES\\NODEJS\\node_modules\\npm\\bin\\npm-cli.js',
1 verbose cli   'install' ]
2 info using npm@1.3.5
3 info using node@v0.10.15
4 error install Couldn't read dependencies
5 error Error: ENOENT, open 'C:\Workspaces\UHK\LSystem2JS\package.json'
6 error If you need help, you may report this log at:
6 error     <http://github.com/isaacs/npm/issues>
6 error or email it to:
6 error     <npm-@googlegroups.com>
7 error System Windows_NT 6.2.9200
8 error command "c:\\PROGRAM FILES\\NODEJS\\node.exe" "c:\\PROGRAM FILES\\NODEJS\\node_modules\\npm\\bin\\npm-cli.js" "install"
9 error cwd C:\Workspaces\UHK\LSystem2JS
10 error node -v v0.10.15
11 error npm -v 1.3.5
12 error path C:\Workspaces\UHK\LSystem2JS\package.json
13 error code ENOENT
14 error errno 34
15 verbose exit [ 34, true ]
